
> worksite-tracker@0.1.0 build
> next build

Ôû▓ Next.js 16.1.6 (Turbopack)
- Environments: .env

node.exe : ÔÜá The 
"middleware" file 
convention is deprecated. 
Please use "proxy" 
instead. Learn more: https:
//nextjs.org/docs/messages/
middleware-to-proxy
Au caractère Ligne:1 : 1
+ & "C:\Program 
Files\nodejs/node.exe" 
"C:\Program 
Files\nodejs/node_mo ...
+ ~~~~~~~~~~~~~~~~~~~~~~~~~
~~~~~~~~~~~~~~~~~~~~~~~~~~~
~~~~~~~~~~~~~~~~~
    + CategoryInfo         
     : NotSpecified: (ÔÜá  
   The "middle...leware-   
 to-proxy:String) [], R    
emoteException
    + FullyQualifiedErrorI 
   d : NativeCommandError
 
  Creating an optimized production build ...
Ô£ô Compiled successfully in 2.7s
  Skipping validation of types
  Collecting page data using 15 workers ...
ÔÜá Using edge runtime on 
a page currently disables 
static generation for that 
page
  Generating static pages using 15 workers (0/15) ...
  Generating static pages using 15 workers (3/15) 
  Generating static pages using 15 workers (7/15) 
  Generating static pages using 15 workers (11/15) 
Ô£ô Generating static pages using 15 workers (15/15) in 212.9ms
  Finalizing page optimization ...

Route (app)
Ôöî Ôùï /
Ôö£ Ôùï /_not-found
Ôö£ Ôùï /admin/dashboard
Ôö£ ãÆ /api/admin/users
Ôö£ ãÆ /api/admin/users/[id]/approve
Ôö£ ãÆ /api/auth/login
Ôö£ ãÆ /api/auth/logout
Ôö£ ãÆ /api/auth/register
Ôö£ ãÆ /api/project
Ôö£ ãÆ /api/project/[id]
Ôö£ ãÆ /api/project/[id]/active-plan
Ôö£ ãÆ /api/project/[id]/plan
Ôö£ ãÆ /api/project/[id]/report
Ôö£ ãÆ /api/project/[id]/report/upload-photo
Ôö£ ãÆ /api/project/[id]/tasks
Ôö£ ãÆ /api/upload
Ôö£ ãÆ /api/users/sm
Ôö£ ãÆ /icon
Ôö£ Ôùï /login
Ôö£ ãÆ /pm/analytics
Ôö£ ãÆ /pm/dashboard
Ôö£ ãÆ /pm/project/[id]
Ôö£ Ôùï /pm/upload
Ôö£ Ôùï /register
Ôö£ ãÆ /sm/analytics
Ôö£ ãÆ /sm/dashboard
Ôö£ ãÆ /sm/project/[id]/analytics
Ôö£ ãÆ /sm/project/[id]/plan
Ôöö ãÆ /sm/project/[id]/report


ãÆ Proxy (Middleware)

Ôùï  (Static)   prerendered as static content
ãÆ  (Dynamic)  server-rendered on demand

